# JRE version: Java(TM) SE Runtime Environment (24.0+36) (build 24+36-3646)
# Java VM: Java HotSpot(TM) 64-Bit Server VM (24+36-3646, mixed mode, sharing, tiered, compressed oops, compressed class ptrs, g1 gc, windows-amd64)
GC Precious Log:
 CardTable entry size: 512
 Card Set container configuration: InlinePtr #cards 4 size 8 Array Of Cards #cards 32 size 80 Howl #buckets 8 coarsen threshold 7372 Howl Bitmap #cards 1024 size 144 coarsen threshold 921 Card regions per heap region 1 cards per card region 8192
 CPUs: 12 total, 12 available
 Memory: 32578M
 Large Page Support: Disabled
 NUMA Support: Disabled
 Compressed Oops: Enabled (Zero based)
 Heap Region Size: 4M
 Heap Min Capacity: 8M
 Heap Initial Capacity: 8M
 Heap Max Capacity: 8148M
 Pre-touch: Disabled
 Parallel Workers: 10
 Concurrent Workers: 3
 Concurrent Refinement Workers: 10
 Periodic GC: Disabled
Heap:
 garbage-first heap   total reserved 8343552K, committed 61440K, used 18519K [0x0000000602c00000, 0x0000000800000000)
  region size 4096K, 4 young (16384K), 1 survivors (4096K)
 Metaspace       used 11459K, committed 11712K, reserved 1114112K
  class space    used 1154K, committed 1216K, reserved 1048576K
GC Heap History (14 events):
Event: 0.139 GC heap before
{Heap before GC invocations=0 (full 0):
 garbage-first heap   total reserved 8343552K, committed 12288K, used 5236K [0x0000000602c00000, 0x0000000800000000)
  region size 4096K, 1 young (4096K), 0 survivors (0K)
 Metaspace       used 3123K, committed 3264K, reserved 1114112K
  class space    used 294K, committed 320K, reserved 1048576K
}
Event: 0.140 GC heap after
{Heap after GC invocations=1 (full 0):
 garbage-first heap   total reserved 8343552K, committed 12288K, used 2260K [0x0000000602c00000, 0x0000000800000000)
  region size 4096K, 1 young (4096K), 1 survivors (4096K)
 Metaspace       used 3123K, committed 3264K, reserved 1114112K
  class space    used 294K, committed 320K, reserved 1048576K
}
Event: 0.140 GC heap before
{Heap before GC invocations=1 (full 0):
 garbage-first heap   total reserved 8343552K, committed 16384K, used 2260K [0x0000000602c00000, 0x0000000800000000)
  region size 4096K, 1 young (4096K), 1 survivors (4096K)
 Metaspace       used 3123K, committed 3264K, reserved 1114112K
  class space    used 294K, committed 320K, reserved 1048576K
}
Event: 0.145 GC heap after
{Heap after GC invocations=2 (full 1):
 garbage-first heap   total reserved 8343552K, committed 16384K, used 2028K [0x0000000602c00000, 0x0000000800000000)
  region size 4096K, 0 young (0K), 0 survivors (0K)
 Metaspace       used 3123K, committed 3264K, reserved 1114112K
  class space    used 294K, committed 320K, reserved 1048576K
}
Event: 0.256 GC heap before
{Heap before GC invocations=2 (full 1):
 garbage-first heap   total reserved 8343552K, committed 16384K, used 6124K [0x0000000602c00000, 0x0000000800000000)
  region size 4096K, 1 young (4096K), 0 survivors (0K)
 Metaspace       used 7597K, committed 7744K, reserved 1114112K
  class space    used 746K, committed 832K, reserved 1048576K
}
Event: 0.258 GC heap after
{Heap after GC invocations=3 (full 1):
 garbage-first heap   total reserved 8343552K, committed 16384K, used 3238K [0x0000000602c00000, 0x0000000800000000)
  region size 4096K, 1 young (4096K), 1 survivors (4096K)
 Metaspace       used 7597K, committed 7744K, reserved 1114112K
  class space    used 746K, committed 832K, reserved 1048576K
}
Event: 0.333 GC heap before
{Heap before GC invocations=3 (full 1):
 garbage-first heap   total reserved 8343552K, committed 16384K, used 7334K [0x0000000602c00000, 0x0000000800000000)
  region size 4096K, 2 young (8192K), 1 survivors (4096K)
 Metaspace       used 8442K, committed 8640K, reserved 1114112K
  class space    used 814K, committed 896K, reserved 1048576K
}
Event: 0.335 GC heap after
{Heap after GC invocations=4 (full 1):
 garbage-first heap   total reserved 8343552K, committed 16384K, used 4141K [0x0000000602c00000, 0x0000000800000000)
  region size 4096K, 1 young (4096K), 1 survivors (4096K)
 Metaspace       used 8442K, committed 8640K, reserved 1114112K
  class space    used 814K, committed 896K, reserved 1048576K
}
Event: 0.388 GC heap before
{Heap before GC invocations=4 (full 1):
 garbage-first heap   total reserved 8343552K, committed 16384K, used 8237K [0x0000000602c00000, 0x0000000800000000)
  region size 4096K, 2 young (8192K), 1 survivors (4096K)
 Metaspace       used 9075K, committed 9344K, reserved 1114112K
  class space    used 895K, committed 1024K, reserved 1048576K
}
Event: 0.392 GC heap after
{Heap after GC invocations=5 (full 1):
 garbage-first heap   total reserved 8343552K, committed 16384K, used 5340K [0x0000000602c00000, 0x0000000800000000)
  region size 4096K, 1 young (4096K), 1 survivors (4096K)
 Metaspace       used 9075K, committed 9344K, reserved 1114112K
  class space    used 895K, committed 1024K, reserved 1048576K
}
Event: 0.416 GC heap before
{Heap before GC invocations=5 (full 1):
 garbage-first heap   total reserved 8343552K, committed 16384K, used 9436K [0x0000000602c00000, 0x0000000800000000)
  region size 4096K, 2 young (8192K), 1 survivors (4096K)
 Metaspace       used 9196K, committed 9472K, reserved 1114112K
  class space    used 901K, committed 1024K, reserved 1048576K
}
Event: 0.419 GC heap after
{Heap after GC invocations=6 (full 1):
 garbage-first heap   total reserved 8343552K, committed 61440K, used 5783K [0x0000000602c00000, 0x0000000800000000)
  region size 4096K, 1 young (4096K), 1 survivors (4096K)
 Metaspace       used 9196K, committed 9472K, reserved 1114112K
  class space    used 901K, committed 1024K, reserved 1048576K
}
Event: 0.671 GC heap before
{Heap before GC invocations=6 (full 1):
 garbage-first heap   total reserved 8343552K, committed 61440K, used 34455K [0x0000000602c00000, 0x0000000800000000)
  region size 4096K, 8 young (32768K), 1 survivors (4096K)
 Metaspace       used 10906K, committed 11136K, reserved 1114112K
  class space    used 1118K, committed 1216K, reserved 1048576K
}
Event: 0.680 GC heap after
{Heap after GC invocations=7 (full 1):
 garbage-first heap   total reserved 8343552K, committed 61440K, used 10327K [0x0000000602c00000, 0x0000000800000000)
  region size 4096K, 1 young (4096K), 1 survivors (4096K)
 Metaspace       used 10906K, committed 11136K, reserved 1114112K
  class space    used 1118K, committed 1216K, reserved 1048576K
}

